<?xml version="1.0" encoding="UTF-8"?>
<!-- Generated by org.testng.reporters.JUnitXMLReporter -->
<testsuite hostname="RPC165" ignored="7" name="Default test" tests="20" failures="0" timestamp="21 Nov 2018 11:12:19 GMT" time="0.312" errors="0">
  <testcase name="testCreate_positive" time="0.047" classname="com.objectfrontier.training.service.test.PersonServiceTest"/>
  <testcase name="testCreate_positive" time="0.0" classname="com.objectfrontier.training.service.test.PersonServiceTest"/>
  <testcase name="testCreate_positive" time="0.016" classname="com.objectfrontier.training.service.test.PersonServiceTest"/>
  <testcase name="testCreate_positive" time="0.0" classname="com.objectfrontier.training.service.test.PersonServiceTest"/>
  <testcase name="testCreate_positive" time="0.015" classname="com.objectfrontier.training.service.test.PersonServiceTest"/>
  <testcase name="testCreate_positive" time="0.0" classname="com.objectfrontier.training.service.test.PersonServiceTest"/>
  <testcase name="testCreate_positive" time="0.0" classname="com.objectfrontier.training.service.test.PersonServiceTest"/>
  <testcase name="testCreate_positive" time="0.016" classname="com.objectfrontier.training.service.test.PersonServiceTest"/>
  <testcase name="testCreate_positive" time="0.0" classname="com.objectfrontier.training.service.test.PersonServiceTest"/>
  <testcase name="testCreate_positive" time="0.015" classname="com.objectfrontier.training.service.test.PersonServiceTest"/>
  <testcase name="testCreate_positive" time="0.0" classname="com.objectfrontier.training.service.test.PersonServiceTest"/>
  <testcase name="testCreate_positive" time="0.016" classname="com.objectfrontier.training.service.test.PersonServiceTest"/>
  <testcase name="testCreate_positive" time="0.0" classname="com.objectfrontier.training.service.test.PersonServiceTest"/>
  <testcase name="testCreate_positive" time="0.015" classname="com.objectfrontier.training.service.test.PersonServiceTest"/>
  <testcase name="testCreate_positive" time="0.0" classname="com.objectfrontier.training.service.test.PersonServiceTest"/>
  <testcase name="testCreate_positive" time="0.016" classname="com.objectfrontier.training.service.test.PersonServiceTest"/>
  <testcase name="testCreate_positive" time="0.016" classname="com.objectfrontier.training.service.test.PersonServiceTest"/>
  <testcase name="testCreate_positive" time="0.0" classname="com.objectfrontier.training.service.test.PersonServiceTest"/>
  <testcase name="testCreate_positive" time="0.015" classname="com.objectfrontier.training.service.test.PersonServiceTest"/>
  <testcase name="testCreate_positive" time="0.016" classname="com.objectfrontier.training.service.test.PersonServiceTest"/>
  <testcase name="testUpdate_negative" time="0.0" classname="com.objectfrontier.training.service.test.PersonServiceTest">
    <ignored/>
  </testcase> <!-- testUpdate_negative -->
  <testcase name="testCreate_negative" time="0.0" classname="com.objectfrontier.training.service.test.PersonServiceTest">
    <ignored/>
  </testcase> <!-- testCreate_negative -->
  <testcase name="testDelete_negative" time="0.0" classname="com.objectfrontier.training.service.test.PersonServiceTest">
    <ignored/>
  </testcase> <!-- testDelete_negative -->
  <testcase name="testRead_positive" time="0.0" classname="com.objectfrontier.training.service.test.PersonServiceTest">
    <ignored/>
  </testcase> <!-- testRead_positive -->
  <testcase name="testUpdate_Positive" time="0.0" classname="com.objectfrontier.training.service.test.PersonServiceTest">
    <ignored/>
  </testcase> <!-- testUpdate_Positive -->
  <testcase name="testRead_negative" time="0.0" classname="com.objectfrontier.training.service.test.PersonServiceTest">
    <ignored/>
  </testcase> <!-- testRead_negative -->
  <testcase name="testDelete_positive" time="0.0" classname="com.objectfrontier.training.service.test.PersonServiceTest">
    <ignored/>
  </testcase> <!-- testDelete_positive -->
</testsuite> <!-- Default test -->
