<?xml version="1.0" encoding="UTF-8"?>
<!-- Generated by org.testng.reporters.JUnitXMLReporter -->
<testsuite hostname="RPC165" ignored="0" name="Default test(failed)" tests="11" failures="0" timestamp="14 Nov 2018 05:15:22 GMT" time="0.394" errors="0">
  <testcase name="@BeforeTest init" time="0.244" classname="com.objectfrontier.training.service.test.AddressServiceTest">
    <failure type="com.mysql.jdbc.exceptions.jdbc4.MySQLSyntaxErrorException" message="User koyi_raghavarao already has more than &amp;apos;max_user_connections&amp;apos; active connections">
      <![CDATA[com.mysql.jdbc.exceptions.jdbc4.MySQLSyntaxErrorException: User koyi_raghavarao already has more than 'max_user_connections' active connections
at com.mysql.jdbc.Util.handleNewInstance(Util.java:404)
at com.mysql.jdbc.Util.getInstance(Util.java:387)
at com.mysql.jdbc.SQLError.createSQLException(SQLError.java:939)
at com.mysql.jdbc.MysqlIO.checkErrorPacket(MysqlIO.java:3878)
at com.mysql.jdbc.MysqlIO.checkErrorPacket(MysqlIO.java:3814)
at com.mysql.jdbc.MysqlIO.checkErrorPacket(MysqlIO.java:871)
at com.mysql.jdbc.MysqlIO.proceedHandshakeWithPluggableAuthentication(MysqlIO.java:1694)
at com.mysql.jdbc.MysqlIO.doHandshake(MysqlIO.java:1215)
at com.mysql.jdbc.ConnectionImpl.coreConnect(ConnectionImpl.java:2255)
at com.mysql.jdbc.ConnectionImpl.connectOneTryOnly(ConnectionImpl.java:2286)
at com.mysql.jdbc.ConnectionImpl.createNewIO(ConnectionImpl.java:2085)
at com.mysql.jdbc.ConnectionImpl.<init>(ConnectionImpl.java:795)
at com.mysql.jdbc.JDBC4Connection.<init>(JDBC4Connection.java:44)
at com.mysql.jdbc.Util.handleNewInstance(Util.java:404)
at com.mysql.jdbc.ConnectionImpl.getInstance(ConnectionImpl.java:400)
at com.mysql.jdbc.NonRegisteringDriver.connect(NonRegisteringDriver.java:327)
at java.sql.DriverManager.getConnection(DriverManager.java:664)
at java.sql.DriverManager.getConnection(DriverManager.java:247)
at com.objectfrontier.training.service.ConnectionManager.initConnection(ConnectionManager.java:26)
at com.objectfrontier.training.service.test.AddressServiceTest.init(AddressServiceTest.java:31)
... Removed 32 stack frames]]>
    </failure>
  </testcase> <!-- @BeforeTest init -->
  <testcase name="@AfterClass truncate" time="0.0" classname="com.objectfrontier.training.service.test.AddressServiceTest">
    <skipped/>
  </testcase> <!-- @AfterClass truncate -->
  <testcase name="@AfterTest release" time="0.0" classname="com.objectfrontier.training.service.test.AddressServiceTest">
    <skipped/>
  </testcase> <!-- @AfterTest release -->
  <testcase name="testCreate_positive" time="0.0" classname="com.objectfrontier.training.service.test.AddressServiceTest">
    <skipped/>
  </testcase> <!-- testCreate_positive -->
  <testcase name="test_create_nagative" time="0.0" classname="com.objectfrontier.training.service.test.AddressServiceTest">
    <skipped/>
  </testcase> <!-- test_create_nagative -->
  <testcase name="test_create_nagative" time="0.0" classname="com.objectfrontier.training.service.test.AddressServiceTest">
    <skipped/>
  </testcase> <!-- test_create_nagative -->
  <testcase name="test_create_nagative" time="0.0" classname="com.objectfrontier.training.service.test.AddressServiceTest">
    <skipped/>
  </testcase> <!-- test_create_nagative -->
  <testcase name="testRead_positive" time="0.0" classname="com.objectfrontier.training.service.test.AddressServiceTest">
    <skipped/>
  </testcase> <!-- testRead_positive -->
  <testcase name="testRead_negative" time="0.0" classname="com.objectfrontier.training.service.test.AddressServiceTest">
    <skipped/>
  </testcase> <!-- testRead_negative -->
  <testcase name="testSearch_positive" time="0.0" classname="com.objectfrontier.training.service.test.AddressServiceTest">
    <skipped/>
  </testcase> <!-- testSearch_positive -->
  <testcase name="testUpdtae_positive" time="0.0" classname="com.objectfrontier.training.service.test.AddressServiceTest">
    <skipped/>
  </testcase> <!-- testUpdtae_positive -->
  <testcase name="testUpdtaeAddress_negative" time="0.0" classname="com.objectfrontier.training.service.test.AddressServiceTest">
    <skipped/>
  </testcase> <!-- testUpdtaeAddress_negative -->
  <testcase name="testDelete_positive" time="0.0" classname="com.objectfrontier.training.service.test.AddressServiceTest">
    <skipped/>
  </testcase> <!-- testDelete_positive -->
  <testcase name="testDelete_negative" time="0.0" classname="com.objectfrontier.training.service.test.AddressServiceTest">
    <skipped/>
  </testcase> <!-- testDelete_negative -->
</testsuite> <!-- Default test(failed) -->
